{"C:\\Users\\manda\\OneDrive\\Desktop\\CRM-App\\Backend-Part\\configs\\authConfig.js": {"path":"C:\\Users\\manda\\OneDrive\\Desktop\\CRM-App\\Backend-Part\\configs\\authConfig.js","statementMap":{"0":{"start":{"line":1,"column":0},"end":{"line":3,"column":1}}},"fnMap":{},"branchMap":{},"s":{"0":1},"f":{},"b":{},"_coverageSchema":"1a1c01bbd47fc00a2c39e90264f33305004495a9","hash":"9bd713a3a0d5a8c22c26efbd77ff99c565faaf06"}
,"C:\\Users\\manda\\OneDrive\\Desktop\\CRM-App\\Backend-Part\\controllers\\authController.js": {"path":"C:\\Users\\manda\\OneDrive\\Desktop\\CRM-App\\Backend-Part\\controllers\\authController.js","statementMap":{"0":{"start":{"line":1,"column":18},"end":{"line":1,"column":47}},"1":{"start":{"line":2,"column":13},"end":{"line":2,"column":43}},"2":{"start":{"line":3,"column":15},"end":{"line":3,"column":34}},"3":{"start":{"line":4,"column":12},"end":{"line":4,"column":35}},"4":{"start":{"line":5,"column":18},"end":{"line":5,"column":50}},"5":{"start":{"line":7,"column":15},"end":{"line":51,"column":1}},"6":{"start":{"line":9,"column":26},"end":{"line":9,"column":43}},"7":{"start":{"line":10,"column":28},"end":{"line":10,"column":47}},"8":{"start":{"line":12,"column":4},"end":{"line":16,"column":5}},"9":{"start":{"line":13,"column":8},"end":{"line":13,"column":56}},"10":{"start":{"line":15,"column":8},"end":{"line":15,"column":57}},"11":{"start":{"line":18,"column":4},"end":{"line":49,"column":5}},"12":{"start":{"line":19,"column":27},"end":{"line":27,"column":10}},"13":{"start":{"line":29,"column":29},"end":{"line":37,"column":9}},"14":{"start":{"line":39,"column":8},"end":{"line":39,"column":44}},"15":{"start":{"line":45,"column":8},"end":{"line":47,"column":10}},"16":{"start":{"line":53,"column":15},"end":{"line":98,"column":1}},"17":{"start":{"line":55,"column":17},"end":{"line":55,"column":64}},"18":{"start":{"line":58,"column":4},"end":{"line":64,"column":5}},"19":{"start":{"line":59,"column":8},"end":{"line":61,"column":10}},"20":{"start":{"line":62,"column":8},"end":{"line":62,"column":15}},"21":{"start":{"line":67,"column":4},"end":{"line":72,"column":5}},"22":{"start":{"line":68,"column":8},"end":{"line":70,"column":10}},"23":{"start":{"line":71,"column":8},"end":{"line":71,"column":15}},"24":{"start":{"line":75,"column":26},"end":{"line":75,"column":78}},"25":{"start":{"line":77,"column":4},"end":{"line":81,"column":5}},"26":{"start":{"line":78,"column":8},"end":{"line":80,"column":10}},"27":{"start":{"line":83,"column":16},"end":{"line":85,"column":6}},"28":{"start":{"line":88,"column":4},"end":{"line":96,"column":5}},"29":{"start":{"line":100,"column":23},"end":{"line":103,"column":1}},"30":{"start":{"line":104,"column":0},"end":{"line":104,"column":30}}},"fnMap":{"0":{"name":"(anonymous_0)","decl":{"start":{"line":7,"column":15},"end":{"line":7,"column":16}},"loc":{"start":{"line":7,"column":41},"end":{"line":51,"column":1}},"line":7},"1":{"name":"(anonymous_1)","decl":{"start":{"line":53,"column":15},"end":{"line":53,"column":16}},"loc":{"start":{"line":53,"column":38},"end":{"line":98,"column":1}},"line":53}},"branchMap":{"0":{"loc":{"start":{"line":12,"column":4},"end":{"line":16,"column":5}},"type":"if","locations":[{"start":{"line":12,"column":4},"end":{"line":16,"column":5}},{"start":{"line":14,"column":11},"end":{"line":16,"column":5}}],"line":12},"1":{"loc":{"start":{"line":58,"column":4},"end":{"line":64,"column":5}},"type":"if","locations":[{"start":{"line":58,"column":4},"end":{"line":64,"column":5}},{"start":{},"end":{}}],"line":58},"2":{"loc":{"start":{"line":67,"column":4},"end":{"line":72,"column":5}},"type":"if","locations":[{"start":{"line":67,"column":4},"end":{"line":72,"column":5}},{"start":{},"end":{}}],"line":67},"3":{"loc":{"start":{"line":77,"column":4},"end":{"line":81,"column":5}},"type":"if","locations":[{"start":{"line":77,"column":4},"end":{"line":81,"column":5}},{"start":{},"end":{}}],"line":77}},"s":{"0":1,"1":1,"2":1,"3":1,"4":1,"5":1,"6":2,"7":2,"8":2,"9":1,"10":1,"11":2,"12":2,"13":1,"14":1,"15":1,"16":1,"17":4,"18":4,"19":1,"20":1,"21":3,"22":1,"23":1,"24":2,"25":2,"26":1,"27":1,"28":1,"29":1,"30":1},"f":{"0":2,"1":4},"b":{"0":[1,1],"1":[1,3],"2":[1,2],"3":[1,1]},"_coverageSchema":"1a1c01bbd47fc00a2c39e90264f33305004495a9","hash":"82ed48d24f3474e9632bba27c10300551be2025f"}
,"C:\\Users\\manda\\OneDrive\\Desktop\\CRM-App\\Backend-Part\\controllers\\userController.js": {"path":"C:\\Users\\manda\\OneDrive\\Desktop\\CRM-App\\Backend-Part\\controllers\\userController.js","statementMap":{"0":{"start":{"line":1,"column":13},"end":{"line":1,"column":43}},"1":{"start":{"line":3,"column":29},"end":{"line":3,"column":66}},"2":{"start":{"line":4,"column":18},"end":{"line":4,"column":47}},"3":{"start":{"line":6,"column":20},"end":{"line":22,"column":1}},"4":{"start":{"line":8,"column":4},"end":{"line":21,"column":5}},"5":{"start":{"line":9,"column":23},"end":{"line":9,"column":40}},"6":{"start":{"line":11,"column":8},"end":{"line":16,"column":9}},"7":{"start":{"line":12,"column":12},"end":{"line":15,"column":14}},"8":{"start":{"line":18,"column":8},"end":{"line":20,"column":10}},"9":{"start":{"line":24,"column":20},"end":{"line":38,"column":1}},"10":{"start":{"line":25,"column":26},"end":{"line":25,"column":43}},"11":{"start":{"line":27,"column":17},"end":{"line":29,"column":6}},"12":{"start":{"line":30,"column":4},"end":{"line":36,"column":5}},"13":{"start":{"line":31,"column":8},"end":{"line":31,"column":60}},"14":{"start":{"line":33,"column":8},"end":{"line":35,"column":10}},"15":{"start":{"line":40,"column":23},"end":{"line":87,"column":1}},"16":{"start":{"line":42,"column":4},"end":{"line":81,"column":5}},"17":{"start":{"line":43,"column":27},"end":{"line":43,"column":35}},"18":{"start":{"line":45,"column":29},"end":{"line":50,"column":10}},"19":{"start":{"line":46,"column":12},"end":{"line":49,"column":13}},"20":{"start":{"line":47,"column":16},"end":{"line":47,"column":27}},"21":{"start":{"line":51,"column":8},"end":{"line":55,"column":9}},"22":{"start":{"line":52,"column":12},"end":{"line":54,"column":14}},"23":{"start":{"line":58,"column":8},"end":{"line":62,"column":9}},"24":{"start":{"line":60,"column":12},"end":{"line":60,"column":63}},"25":{"start":{"line":64,"column":30},"end":{"line":68,"column":10}},"26":{"start":{"line":69,"column":8},"end":{"line":76,"column":9}},"27":{"start":{"line":71,"column":12},"end":{"line":71,"column":73}},"28":{"start":{"line":73,"column":12},"end":{"line":75,"column":14}},"29":{"start":{"line":78,"column":8},"end":{"line":80,"column":10}},"30":{"start":{"line":90,"column":0},"end":{"line":94,"column":1}}},"fnMap":{"0":{"name":"(anonymous_0)","decl":{"start":{"line":6,"column":20},"end":{"line":6,"column":21}},"loc":{"start":{"line":6,"column":40},"end":{"line":22,"column":1}},"line":6},"1":{"name":"(anonymous_1)","decl":{"start":{"line":24,"column":20},"end":{"line":24,"column":21}},"loc":{"start":{"line":24,"column":40},"end":{"line":38,"column":1}},"line":24},"2":{"name":"(anonymous_2)","decl":{"start":{"line":40,"column":23},"end":{"line":40,"column":24}},"loc":{"start":{"line":40,"column":43},"end":{"line":87,"column":1}},"line":40},"3":{"name":"(anonymous_3)","decl":{"start":{"line":45,"column":60},"end":{"line":45,"column":61}},"loc":{"start":{"line":45,"column":67},"end":{"line":50,"column":9}},"line":45}},"branchMap":{"0":{"loc":{"start":{"line":11,"column":8},"end":{"line":16,"column":9}},"type":"if","locations":[{"start":{"line":11,"column":8},"end":{"line":16,"column":9}},{"start":{},"end":{}}],"line":11},"1":{"loc":{"start":{"line":30,"column":4},"end":{"line":36,"column":5}},"type":"if","locations":[{"start":{"line":30,"column":4},"end":{"line":36,"column":5}},{"start":{"line":32,"column":11},"end":{"line":36,"column":5}}],"line":30},"2":{"loc":{"start":{"line":46,"column":12},"end":{"line":49,"column":13}},"type":"if","locations":[{"start":{"line":46,"column":12},"end":{"line":49,"column":13}},{"start":{},"end":{}}],"line":46},"3":{"loc":{"start":{"line":46,"column":16},"end":{"line":46,"column":73}},"type":"binary-expr","locations":[{"start":{"line":46,"column":16},"end":{"line":46,"column":32}},{"start":{"line":46,"column":36},"end":{"line":46,"column":54}},{"start":{"line":46,"column":58},"end":{"line":46,"column":73}}],"line":46},"4":{"loc":{"start":{"line":51,"column":8},"end":{"line":55,"column":9}},"type":"if","locations":[{"start":{"line":51,"column":8},"end":{"line":55,"column":9}},{"start":{},"end":{}}],"line":51},"5":{"loc":{"start":{"line":58,"column":8},"end":{"line":62,"column":9}},"type":"if","locations":[{"start":{"line":58,"column":8},"end":{"line":62,"column":9}},{"start":{},"end":{}}],"line":58},"6":{"loc":{"start":{"line":69,"column":8},"end":{"line":76,"column":9}},"type":"if","locations":[{"start":{"line":69,"column":8},"end":{"line":76,"column":9}},{"start":{"line":72,"column":15},"end":{"line":76,"column":9}}],"line":69}},"s":{"0":1,"1":1,"2":1,"3":1,"4":2,"5":2,"6":1,"7":1,"8":1,"9":1,"10":2,"11":2,"12":2,"13":1,"14":1,"15":1,"16":4,"17":4,"18":4,"19":13,"20":1,"21":4,"22":1,"23":3,"24":0,"25":3,"26":2,"27":1,"28":1,"29":1,"30":1},"f":{"0":2,"1":2,"2":4,"3":13},"b":{"0":[1,0],"1":[1,1],"2":[1,12],"3":[13,13,13],"4":[1,3],"5":[0,3],"6":[1,1]},"_coverageSchema":"1a1c01bbd47fc00a2c39e90264f33305004495a9","hash":"913636ebd6973f945de42135571e8ce70e82be6e"}
,"C:\\Users\\manda\\OneDrive\\Desktop\\CRM-App\\Backend-Part\\models\\userModel.js": {"path":"C:\\Users\\manda\\OneDrive\\Desktop\\CRM-App\\Backend-Part\\models\\userModel.js","statementMap":{"0":{"start":{"line":1,"column":17},"end":{"line":1,"column":36}},"1":{"start":{"line":3,"column":20},"end":{"line":49,"column":2}},"2":{"start":{"line":35,"column":21},"end":{"line":35,"column":38}},"3":{"start":{"line":39,"column":26},"end":{"line":39,"column":43}},"4":{"start":{"line":51,"column":0},"end":{"line":51,"column":52}}},"fnMap":{"0":{"name":"(anonymous_0)","decl":{"start":{"line":35,"column":16},"end":{"line":35,"column":17}},"loc":{"start":{"line":35,"column":20},"end":{"line":35,"column":39}},"line":35},"1":{"name":"(anonymous_1)","decl":{"start":{"line":39,"column":18},"end":{"line":39,"column":19}},"loc":{"start":{"line":39,"column":24},"end":{"line":39,"column":45}},"line":39}},"branchMap":{},"s":{"0":2,"1":2,"2":1,"3":1,"4":2},"f":{"0":1,"1":1},"b":{},"_coverageSchema":"1a1c01bbd47fc00a2c39e90264f33305004495a9","hash":"09d757d59610f1bbd50f98bbee778d8664b51f14"}
,"C:\\Users\\manda\\OneDrive\\Desktop\\CRM-App\\Backend-Part\\tests\\db.js": {"path":"C:\\Users\\manda\\OneDrive\\Desktop\\CRM-App\\Backend-Part\\tests\\db.js","statementMap":{"0":{"start":{"line":1,"column":17},"end":{"line":1,"column":36}},"1":{"start":{"line":2,"column":30},"end":{"line":2,"column":62}},"2":{"start":{"line":7,"column":0},"end":{"line":17,"column":1}},"3":{"start":{"line":8,"column":4},"end":{"line":16,"column":5}},"4":{"start":{"line":9,"column":8},"end":{"line":9,"column":50}},"5":{"start":{"line":10,"column":20},"end":{"line":10,"column":35}},"6":{"start":{"line":11,"column":29},"end":{"line":14,"column":9}},"7":{"start":{"line":15,"column":8},"end":{"line":15,"column":43}},"8":{"start":{"line":20,"column":0},"end":{"line":26,"column":1}},"9":{"start":{"line":21,"column":4},"end":{"line":21,"column":45}},"10":{"start":{"line":22,"column":4},"end":{"line":22,"column":38}},"11":{"start":{"line":23,"column":4},"end":{"line":25,"column":5}},"12":{"start":{"line":24,"column":8},"end":{"line":24,"column":27}},"13":{"start":{"line":29,"column":0},"end":{"line":36,"column":1}},"14":{"start":{"line":30,"column":24},"end":{"line":30,"column":61}},"15":{"start":{"line":32,"column":4},"end":{"line":35,"column":5}},"16":{"start":{"line":33,"column":27},"end":{"line":33,"column":41}},"17":{"start":{"line":34,"column":8},"end":{"line":34,"column":31}}},"fnMap":{"0":{"name":"(anonymous_0)","decl":{"start":{"line":7,"column":25},"end":{"line":7,"column":26}},"loc":{"start":{"line":7,"column":37},"end":{"line":17,"column":1}},"line":7},"1":{"name":"(anonymous_1)","decl":{"start":{"line":20,"column":31},"end":{"line":20,"column":32}},"loc":{"start":{"line":20,"column":43},"end":{"line":26,"column":1}},"line":20},"2":{"name":"(anonymous_2)","decl":{"start":{"line":29,"column":31},"end":{"line":29,"column":32}},"loc":{"start":{"line":29,"column":43},"end":{"line":36,"column":1}},"line":29}},"branchMap":{"0":{"loc":{"start":{"line":8,"column":4},"end":{"line":16,"column":5}},"type":"if","locations":[{"start":{"line":8,"column":4},"end":{"line":16,"column":5}},{"start":{},"end":{}}],"line":8},"1":{"loc":{"start":{"line":23,"column":4},"end":{"line":25,"column":5}},"type":"if","locations":[{"start":{"line":23,"column":4},"end":{"line":25,"column":5}},{"start":{},"end":{}}],"line":23}},"s":{"0":2,"1":2,"2":2,"3":2,"4":2,"5":2,"6":2,"7":2,"8":2,"9":2,"10":2,"11":2,"12":2,"13":2,"14":14,"15":14,"16":14,"17":14},"f":{"0":2,"1":2,"2":14},"b":{"0":[2,0],"1":[2,0]},"_coverageSchema":"1a1c01bbd47fc00a2c39e90264f33305004495a9","hash":"2e7906c7236a97e0839e21a403a8f545fc1b1c44"}
,"C:\\Users\\manda\\OneDrive\\Desktop\\CRM-App\\Backend-Part\\tests\\interceptor.js": {"path":"C:\\Users\\manda\\OneDrive\\Desktop\\CRM-App\\Backend-Part\\tests\\interceptor.js","statementMap":{"0":{"start":{"line":1,"column":0},"end":{"line":17,"column":1}},"1":{"start":{"line":3,"column":20},"end":{"line":3,"column":22}},"2":{"start":{"line":4,"column":8},"end":{"line":4,"column":50}},"3":{"start":{"line":5,"column":8},"end":{"line":5,"column":53}},"4":{"start":{"line":6,"column":8},"end":{"line":6,"column":19}},"5":{"start":{"line":11,"column":20},"end":{"line":11,"column":22}},"6":{"start":{"line":12,"column":8},"end":{"line":12,"column":50}},"7":{"start":{"line":13,"column":8},"end":{"line":13,"column":52}},"8":{"start":{"line":14,"column":8},"end":{"line":14,"column":50}},"9":{"start":{"line":15,"column":8},"end":{"line":15,"column":19}}},"fnMap":{"0":{"name":"(anonymous_0)","decl":{"start":{"line":2,"column":17},"end":{"line":2,"column":18}},"loc":{"start":{"line":2,"column":23},"end":{"line":8,"column":5}},"line":2},"1":{"name":"(anonymous_1)","decl":{"start":{"line":10,"column":18},"end":{"line":10,"column":19}},"loc":{"start":{"line":10,"column":24},"end":{"line":16,"column":5}},"line":10}},"branchMap":{},"s":{"0":2,"1":14,"2":14,"3":14,"4":14,"5":14,"6":14,"7":14,"8":14,"9":14},"f":{"0":14,"1":14},"b":{},"_coverageSchema":"1a1c01bbd47fc00a2c39e90264f33305004495a9","hash":"85fc094834e36ce94dea9df7ccb057b1f74261d6"}
,"C:\\Users\\manda\\OneDrive\\Desktop\\CRM-App\\Backend-Part\\utils\\constants.js": {"path":"C:\\Users\\manda\\OneDrive\\Desktop\\CRM-App\\Backend-Part\\utils\\constants.js","statementMap":{"0":{"start":{"line":1,"column":0},"end":{"line":19,"column":1}}},"fnMap":{},"branchMap":{},"s":{"0":2},"f":{},"b":{},"_coverageSchema":"1a1c01bbd47fc00a2c39e90264f33305004495a9","hash":"df132192a450a24933bef6655e58310d9ecdc897"}
,"C:\\Users\\manda\\OneDrive\\Desktop\\CRM-App\\Backend-Part\\utils\\convertUserObject.js": {"path":"C:\\Users\\manda\\OneDrive\\Desktop\\CRM-App\\Backend-Part\\utils\\convertUserObject.js","statementMap":{"0":{"start":{"line":2,"column":0},"end":{"line":24,"column":1}},"1":{"start":{"line":3,"column":21},"end":{"line":3,"column":23}},"2":{"start":{"line":5,"column":4},"end":{"line":22,"column":7}},"3":{"start":{"line":6,"column":21},"end":{"line":12,"column":9}},"4":{"start":{"line":14,"column":8},"end":{"line":14,"column":31}},"5":{"start":{"line":15,"column":8},"end":{"line":20,"column":9}},"6":{"start":{"line":16,"column":13},"end":{"line":16,"column":55}},"7":{"start":{"line":18,"column":15},"end":{"line":20,"column":9}},"8":{"start":{"line":19,"column":12},"end":{"line":19,"column":56}},"9":{"start":{"line":23,"column":4},"end":{"line":23,"column":22}}},"fnMap":{"0":{"name":"(anonymous_0)","decl":{"start":{"line":2,"column":17},"end":{"line":2,"column":18}},"loc":{"start":{"line":2,"column":28},"end":{"line":24,"column":1}},"line":2},"1":{"name":"(anonymous_1)","decl":{"start":{"line":5,"column":18},"end":{"line":5,"column":19}},"loc":{"start":{"line":5,"column":26},"end":{"line":22,"column":5}},"line":5}},"branchMap":{"0":{"loc":{"start":{"line":15,"column":8},"end":{"line":20,"column":9}},"type":"if","locations":[{"start":{"line":15,"column":8},"end":{"line":20,"column":9}},{"start":{"line":18,"column":15},"end":{"line":20,"column":9}}],"line":15},"1":{"loc":{"start":{"line":18,"column":15},"end":{"line":20,"column":9}},"type":"if","locations":[{"start":{"line":18,"column":15},"end":{"line":20,"column":9}},{"start":{},"end":{}}],"line":18}},"s":{"0":1,"1":6,"2":6,"3":10,"4":10,"5":10,"6":4,"7":6,"8":4,"9":6},"f":{"0":6,"1":10},"b":{"0":[4,6],"1":[4,2]},"_coverageSchema":"1a1c01bbd47fc00a2c39e90264f33305004495a9","hash":"78422f2e00d2e6c1cf6c2b5d6bc11db046592825"}
}
