TN:
SF:configs\authConfig.js
FNF:0
FNH:0
DA:1,1
LF:1
LH:1
BRF:0
BRH:0
end_of_record
TN:
SF:controllers\authController.js
FN:7,(anonymous_0)
FN:53,(anonymous_1)
FNF:2
FNH:2
FNDA:2,(anonymous_0)
FNDA:4,(anonymous_1)
DA:1,1
DA:2,1
DA:3,1
DA:4,1
DA:5,1
DA:7,1
DA:9,2
DA:10,2
DA:12,2
DA:13,1
DA:15,1
DA:18,2
DA:19,2
DA:29,1
DA:39,1
DA:45,1
DA:53,1
DA:55,4
DA:58,4
DA:59,1
DA:62,1
DA:67,3
DA:68,1
DA:71,1
DA:75,2
DA:77,2
DA:78,1
DA:83,1
DA:88,1
DA:100,1
DA:104,1
LF:31
LH:31
BRDA:12,0,0,1
BRDA:12,0,1,1
BRDA:58,1,0,1
BRDA:58,1,1,3
BRDA:67,2,0,1
BRDA:67,2,1,2
BRDA:77,3,0,1
BRDA:77,3,1,1
BRF:8
BRH:8
end_of_record
TN:
SF:controllers\userController.js
FN:6,(anonymous_0)
FN:24,(anonymous_1)
FN:40,(anonymous_2)
FN:45,(anonymous_3)
FNF:4
FNH:4
FNDA:2,(anonymous_0)
FNDA:2,(anonymous_1)
FNDA:2,(anonymous_2)
FNDA:6,(anonymous_3)
DA:1,1
DA:3,1
DA:4,1
DA:6,1
DA:8,2
DA:9,2
DA:11,1
DA:12,1
DA:18,1
DA:24,1
DA:25,2
DA:27,2
DA:30,2
DA:31,1
DA:33,1
DA:40,1
DA:42,2
DA:43,2
DA:45,2
DA:46,6
DA:47,0
DA:51,2
DA:52,0
DA:58,2
DA:60,0
DA:64,2
DA:69,2
DA:71,1
DA:73,1
DA:78,0
DA:90,1
LF:31
LH:27
BRDA:11,0,0,1
BRDA:11,0,1,0
BRDA:30,1,0,1
BRDA:30,1,1,1
BRDA:46,2,0,0
BRDA:46,2,1,6
BRDA:46,3,0,6
BRDA:46,3,1,6
BRDA:46,3,2,6
BRDA:51,4,0,0
BRDA:51,4,1,2
BRDA:58,5,0,0
BRDA:58,5,1,2
BRDA:69,6,0,1
BRDA:69,6,1,1
BRF:15
BRH:11
end_of_record
TN:
SF:models\userModel.js
FN:35,(anonymous_0)
FN:39,(anonymous_1)
FNF:2
FNH:2
FNDA:1,(anonymous_0)
FNDA:1,(anonymous_1)
DA:1,2
DA:3,2
DA:35,1
DA:39,1
DA:51,2
LF:5
LH:5
BRF:0
BRH:0
end_of_record
TN:
SF:tests\db.js
FN:7,(anonymous_0)
FN:20,(anonymous_1)
FN:29,(anonymous_2)
FNF:3
FNH:3
FNDA:2,(anonymous_0)
FNDA:2,(anonymous_1)
FNDA:12,(anonymous_2)
DA:1,2
DA:2,2
DA:7,2
DA:8,2
DA:9,2
DA:10,2
DA:11,2
DA:15,2
DA:20,2
DA:21,2
DA:22,2
DA:23,2
DA:24,2
DA:29,2
DA:30,12
DA:32,12
DA:33,12
DA:34,12
LF:18
LH:18
BRDA:8,0,0,2
BRDA:8,0,1,0
BRDA:23,1,0,2
BRDA:23,1,1,0
BRF:4
BRH:2
end_of_record
TN:
SF:tests\interceptor.js
FN:2,(anonymous_0)
FN:10,(anonymous_1)
FNF:2
FNH:2
FNDA:12,(anonymous_0)
FNDA:12,(anonymous_1)
DA:1,2
DA:3,12
DA:4,12
DA:5,12
DA:6,12
DA:11,12
DA:12,12
DA:13,12
DA:14,12
DA:15,12
LF:10
LH:10
BRF:0
BRH:0
end_of_record
TN:
SF:utils\constants.js
FNF:0
FNH:0
DA:1,2
LF:1
LH:1
BRF:0
BRH:0
end_of_record
TN:
SF:utils\convertUserObject.js
FN:2,(anonymous_0)
FN:5,(anonymous_1)
FNF:2
FNH:2
FNDA:6,(anonymous_0)
FNDA:10,(anonymous_1)
DA:2,1
DA:3,6
DA:5,6
DA:6,10
DA:14,10
DA:15,10
DA:16,4
DA:18,6
DA:19,4
DA:23,6
LF:10
LH:10
BRDA:15,0,0,4
BRDA:15,0,1,6
BRDA:18,1,0,4
BRDA:18,1,1,2
BRF:4
BRH:4
end_of_record
