TN:
SF:configs\authConfig.js
FNF:0
FNH:0
DA:1,1
LF:1
LH:1
BRF:0
BRH:0
end_of_record
TN:
SF:controllers\authController.js
FN:7,(anonymous_0)
FN:53,(anonymous_1)
FNF:2
FNH:1
FNDA:2,(anonymous_0)
FNDA:0,(anonymous_1)
DA:1,1
DA:2,1
DA:3,1
DA:4,1
DA:5,1
DA:7,1
DA:9,2
DA:10,2
DA:12,2
DA:13,1
DA:15,1
DA:18,2
DA:19,2
DA:29,1
DA:39,1
DA:45,1
DA:53,1
DA:55,0
DA:58,0
DA:59,0
DA:62,0
DA:67,0
DA:68,0
DA:71,0
DA:75,0
DA:77,0
DA:78,0
DA:83,0
DA:88,0
DA:100,1
DA:104,1
LF:31
LH:19
BRDA:12,0,0,1
BRDA:12,0,1,1
BRDA:58,1,0,0
BRDA:58,1,1,0
BRDA:67,2,0,0
BRDA:67,2,1,0
BRDA:77,3,0,0
BRDA:77,3,1,0
BRF:8
BRH:2
end_of_record
TN:
SF:models\userModel.js
FN:35,(anonymous_0)
FN:39,(anonymous_1)
FNF:2
FNH:2
FNDA:1,(anonymous_0)
FNDA:1,(anonymous_1)
DA:1,1
DA:3,1
DA:35,1
DA:39,1
DA:51,1
LF:5
LH:5
BRF:0
BRH:0
end_of_record
TN:
SF:tests\db.js
FN:7,(anonymous_0)
FN:21,(anonymous_1)
FN:32,(anonymous_2)
FNF:3
FNH:3
FNDA:1,(anonymous_0)
FNDA:1,(anonymous_1)
FNDA:2,(anonymous_2)
DA:1,1
DA:2,1
DA:7,1
DA:8,1
DA:9,1
DA:10,1
DA:12,1
DA:16,1
DA:21,1
DA:23,1
DA:24,1
DA:26,1
DA:27,1
DA:32,1
DA:33,2
DA:35,2
DA:36,2
DA:37,2
LF:18
LH:18
BRDA:8,0,0,1
BRDA:8,0,1,0
BRDA:26,1,0,1
BRDA:26,1,1,0
BRF:4
BRH:2
end_of_record
TN:
SF:tests\interceptor.js
FN:2,(anonymous_0)
FN:10,(anonymous_1)
FNF:2
FNH:2
FNDA:2,(anonymous_0)
FNDA:2,(anonymous_1)
DA:1,1
DA:3,2
DA:4,2
DA:5,2
DA:6,2
DA:11,2
DA:12,2
DA:13,2
DA:14,2
DA:15,2
LF:10
LH:10
BRF:0
BRH:0
end_of_record
TN:
SF:utils\constants.js
FNF:0
FNH:0
DA:1,1
LF:1
LH:1
BRF:0
BRH:0
end_of_record
